This is XeTeX, Version 3.141592653-2.6-0.999994 (TeX Live 2022) (preloaded format=xelatex 2023.3.16)  22 MAY 2023 18:21
entering extended mode
 restricted \write18 enabled.
 %&-line parsing enabled.
**main4.tex
(./main4.tex
LaTeX2e <2021-11-15> patch level 1
L3 programming layer <2022-02-24>
(d:/texlive/2022/texmf-dist/tex/latex/base/article.cls
Document Class: article 2021/10/04 v1.4n Standard LaTeX document class
(d:/texlive/2022/texmf-dist/tex/latex/base/size10.clo
File: size10.clo 2021/10/04 v1.4n Standard LaTeX file (size option)
)
\c@part=\count181
\c@section=\count182
\c@subsection=\count183
\c@subsubsection=\count184
\c@paragraph=\count185
\c@subparagraph=\count186
\c@figure=\count187
\c@table=\count188
\abovecaptionskip=\skip47
\belowcaptionskip=\skip48
\bibindent=\dimen138
)
(d:/texlive/2022/texmf-dist/tex/latex/tools/bm.sty
Package: bm 2021/04/25 v1.2e Bold Symbol Support (DPC/FMi)
\symboldoperators=\mathgroup4
\symboldletters=\mathgroup5
\symboldsymbols=\mathgroup6
Package bm Info: No bold for \OMX/cmex/m/n, using \pmb.
LaTeX Font Info:    Redeclaring math alphabet \mathbf on input line 149.
)
(d:/texlive/2022/texmf-dist/tex/latex/amsmath/amsmath.sty
Package: amsmath 2021/10/15 v2.17l AMS math features
\@mathmargin=\skip49

For additional information on amsmath, use the `?' option.
(d:/texlive/2022/texmf-dist/tex/latex/amsmath/amstext.sty
Package: amstext 2021/08/26 v2.01 AMS text

(d:/texlive/2022/texmf-dist/tex/latex/amsmath/amsgen.sty
File: amsgen.sty 1999/11/30 v2.0 generic functions
\@emptytoks=\toks16
\ex@=\dimen139
))
(d:/texlive/2022/texmf-dist/tex/latex/amsmath/amsbsy.sty
Package: amsbsy 1999/11/29 v1.2d Bold Symbols
LaTeX Info: Redefining \boldsymbol on input line 28.
\pmbraise@=\dimen140
)
(d:/texlive/2022/texmf-dist/tex/latex/amsmath/amsopn.sty
Package: amsopn 2021/08/26 v2.02 operator names
)
\inf@bad=\count189
LaTeX Info: Redefining \frac on input line 234.
\uproot@=\count190
\leftroot@=\count191
LaTeX Info: Redefining \overline on input line 399.
\classnum@=\count192
\DOTSCASE@=\count193
LaTeX Info: Redefining \ldots on input line 496.
LaTeX Info: Redefining \dots on input line 499.
LaTeX Info: Redefining \cdots on input line 620.
\Mathstrutbox@=\box50
\strutbox@=\box51
\big@size=\dimen141
LaTeX Font Info:    Redeclaring font encoding OML on input line 743.
LaTeX Font Info:    Redeclaring font encoding OMS on input line 744.
\macc@depth=\count194
\c@MaxMatrixCols=\count195
\dotsspace@=\muskip16
\c@parentequation=\count196
\dspbrk@lvl=\count197
\tag@help=\toks17
\row@=\count198
\column@=\count199
\maxfields@=\count266
\andhelp@=\toks18
\eqnshift@=\dimen142
\alignsep@=\dimen143
\tagshift@=\dimen144
\tagwidth@=\dimen145
\totwidth@=\dimen146
\lineht@=\dimen147
\@envbody=\toks19
\multlinegap=\skip50
\multlinetaggap=\skip51
\mathdisplay@stack=\toks20
LaTeX Info: Redefining \[ on input line 2938.
LaTeX Info: Redefining \] on input line 2939.
)
(d:/texlive/2022/texmf-dist/tex/latex/cases/cases.sty
Package: cases 2020/03/29 ver 3.2
\numc@numwid=\dimen148
)
(d:/texlive/2022/texmf-dist/tex/latex/cite/cite.sty
LaTeX Info: Redefining \cite on input line 302.
LaTeX Info: Redefining \nocite on input line 332.
Package: cite 2015/02/27  v 5.5
)
(d:/texlive/2022/texmf-dist/tex/latex/graphics/graphicx.sty
Package: graphicx 2021/09/16 v1.2d Enhanced LaTeX Graphics (DPC,SPQR)

(d:/texlive/2022/texmf-dist/tex/latex/graphics/keyval.sty
Package: keyval 2014/10/28 v1.15 key=value parser (DPC)
\KV@toks@=\toks21
)
(d:/texlive/2022/texmf-dist/tex/latex/graphics/graphics.sty
Package: graphics 2021/03/04 v1.4d Standard LaTeX Graphics (DPC,SPQR)

(d:/texlive/2022/texmf-dist/tex/latex/graphics/trig.sty
Package: trig 2021/08/11 v1.11 sin cos tan (DPC)
)
(d:/texlive/2022/texmf-dist/tex/latex/graphics-cfg/graphics.cfg
File: graphics.cfg 2016/06/04 v1.11 sample graphics configuration
)
Package graphics Info: Driver file: xetex.def on input line 107.

(d:/texlive/2022/texmf-dist/tex/latex/graphics-def/xetex.def
File: xetex.def 2021/03/18 v5.0k Graphics/color driver for xetex
))
\Gin@req@height=\dimen149
\Gin@req@width=\dimen150
)
(d:/texlive/2022/texmf-dist/tex/latex/geometry/geometry.sty
Package: geometry 2020/01/02 v5.9 Page Geometry

(d:/texlive/2022/texmf-dist/tex/generic/iftex/ifvtex.sty
Package: ifvtex 2019/10/25 v1.7 ifvtex legacy package. Use iftex instead.

(d:/texlive/2022/texmf-dist/tex/generic/iftex/iftex.sty
Package: iftex 2022/02/03 v1.0f TeX engine tests
))
\Gm@cnth=\count267
\Gm@cntv=\count268
\c@Gm@tempcnt=\count269
\Gm@bindingoffset=\dimen151
\Gm@wd@mp=\dimen152
\Gm@odd@mp=\dimen153
\Gm@even@mp=\dimen154
\Gm@layoutwidth=\dimen155
\Gm@layoutheight=\dimen156
\Gm@layouthoffset=\dimen157
\Gm@layoutvoffset=\dimen158
\Gm@dimlist=\toks22
)
(d:/texlive/2022/texmf-dist/tex/latex/fancyhdr/fancyhdr.sty
Package: fancyhdr 2021/01/28 v4.0.1 Extensive control of page headers and foote
rs
\f@nch@headwidth=\skip52
\f@nch@O@elh=\skip53
\f@nch@O@erh=\skip54
\f@nch@O@olh=\skip55
\f@nch@O@orh=\skip56
\f@nch@O@elf=\skip57
\f@nch@O@erf=\skip58
\f@nch@O@olf=\skip59
\f@nch@O@orf=\skip60
)
(d:/texlive/2022/texmf-dist/tex/latex/wrapfig/wrapfig.sty
\wrapoverhang=\dimen159
\WF@size=\dimen160
\c@WF@wrappedlines=\count270
\WF@box=\box52
\WF@everypar=\toks23
Package: wrapfig 2003/01/31  v 3.6
)
(d:/texlive/2022/texmf-dist/tex/latex/float/float.sty
Package: float 2001/11/08 v1.3d Float enhancements (AL)
\c@float@type=\count271
\float@exts=\toks24
\float@box=\box53
\@float@everytoks=\toks25
\@floatcapt=\box54
)
(d:/texlive/2022/texmf-dist/tex/latex/subfigure/subfigure.sty
Package: subfigure 2002/03/15 v2.1.5 subfigure package
\subfigtopskip=\skip61
\subfigcapskip=\skip62
\subfigcaptopadj=\dimen161
\subfigbottomskip=\skip63
\subfigcapmargin=\dimen162
\subfiglabelskip=\skip64
\c@subfigure=\count272
\c@lofdepth=\count273
\c@subtable=\count274
\c@lotdepth=\count275

****************************************
* Local config file subfigure.cfg used *
****************************************
(d:/texlive/2022/texmf-dist/tex/latex/subfigure/subfigure.cfg)
\subfig@top=\skip65
\subfig@bottom=\skip66
)
(d:/texlive/2022/texmf-dist/tex/latex/caption/caption.sty
Package: caption 2022/03/01 v3.6b Customizing captions (AR)

(d:/texlive/2022/texmf-dist/tex/latex/caption/caption3.sty
Package: caption3 2022/03/17 v2.3b caption3 kernel (AR)
\caption@tempdima=\dimen163
\captionmargin=\dimen164
\caption@leftmargin=\dimen165
\caption@rightmargin=\dimen166
\caption@width=\dimen167
\caption@indent=\dimen168
\caption@parindent=\dimen169
\caption@hangindent=\dimen170
Package caption Info: Standard document class detected.
)
\c@caption@flags=\count276
\c@continuedfloat=\count277
Package caption Info: float package is loaded.
Package caption Info: subfigure package is loaded.
Package caption Info: wrapfig package is loaded.
)
(d:/texlive/2022/texmf-dist/tex/latex/booktabs/booktabs.sty
Package: booktabs 2020/01/12 v1.61803398 Publication quality tables
\heavyrulewidth=\dimen171
\lightrulewidth=\dimen172
\cmidrulewidth=\dimen173
\belowrulesep=\dimen174
\belowbottomsep=\dimen175
\aboverulesep=\dimen176
\abovetopsep=\dimen177
\cmidrulesep=\dimen178
\cmidrulekern=\dimen179
\defaultaddspace=\dimen180
\@cmidla=\count278
\@cmidlb=\count279
\@aboverulesep=\dimen181
\@belowrulesep=\dimen182
\@thisruleclass=\count280
\@lastruleclass=\count281
\@thisrulewidth=\dimen183
)
(d:/texlive/2022/texmf-dist/tex/latex/listings/listings.sty
\lst@mode=\count282
\lst@gtempboxa=\box55
\lst@token=\toks26
\lst@length=\count283
\lst@currlwidth=\dimen184
\lst@column=\count284
\lst@pos=\count285
\lst@lostspace=\dimen185
\lst@width=\dimen186
\lst@newlines=\count286
\lst@lineno=\count287
\lst@maxwidth=\dimen187

(d:/texlive/2022/texmf-dist/tex/latex/listings/lstmisc.sty
File: lstmisc.sty 2020/03/24 1.8d (Carsten Heinz)
\c@lstnumber=\count288
\lst@skipnumbers=\count289
\lst@framebox=\box56
)
(d:/texlive/2022/texmf-dist/tex/latex/listings/listings.cfg
File: listings.cfg 2020/03/24 1.8d listings configuration
))
Package: listings 2020/03/24 1.8d (Carsten Heinz)

(d:/texlive/2022/texmf-dist/tex/latex/xcolor/xcolor.sty
Package: xcolor 2021/10/31 v2.13 LaTeX color extensions (UK)

(d:/texlive/2022/texmf-dist/tex/latex/graphics-cfg/color.cfg
File: color.cfg 2016/01/02 v1.6 sample color configuration
)
Package xcolor Info: Driver file: xetex.def on input line 227.
Package xcolor Info: Model `cmy' substituted by `cmy0' on input line 1352.
Package xcolor Info: Model `RGB' extended on input line 1368.
Package xcolor Info: Model `HTML' substituted by `rgb' on input line 1370.
Package xcolor Info: Model `Hsb' substituted by `hsb' on input line 1371.
Package xcolor Info: Model `tHsb' substituted by `hsb' on input line 1372.
Package xcolor Info: Model `HSB' substituted by `hsb' on input line 1373.
Package xcolor Info: Model `Gray' substituted by `gray' on input line 1374.
Package xcolor Info: Model `wave' substituted by `hsb' on input line 1375.
)
(d:/texlive/2022/texmf-dist/tex/latex/multirow/multirow.sty
Package: multirow 2021/03/15 v2.8 Span multiple rows of a table
\multirow@colwidth=\skip67
\multirow@cntb=\count290
\multirow@dima=\skip68
\bigstrutjot=\dimen188
)
(d:/texlive/2022/texmf-dist/tex/latex/l3backend/l3backend-xetex.def
File: l3backend-xetex.def 2022-02-07 L3 backend support: XeTeX

(|extractbb --version)
\c__kernel_sys_dvipdfmx_version_int=\count291
\l__color_backend_stack_int=\count292
\g__color_backend_stack_int=\count293
\g__graphics_track_int=\count294
\l__pdf_internal_box=\box57
\g__pdf_backend_object_int=\count295
\g__pdf_backend_annotation_int=\count296
\g__pdf_backend_link_int=\count297
)

LaTeX Warning: Unused global option(s):
    [UTF8].

(./main4.aux

LaTeX Warning: Label `tab:addlabel' multiply defined.

)
\openout1 = `main4.aux'.

LaTeX Font Info:    Checking defaults for OML/cmm/m/it on input line 38.
LaTeX Font Info:    ... okay on input line 38.
LaTeX Font Info:    Checking defaults for OMS/cmsy/m/n on input line 38.
LaTeX Font Info:    ... okay on input line 38.
LaTeX Font Info:    Checking defaults for OT1/cmr/m/n on input line 38.
LaTeX Font Info:    ... okay on input line 38.
LaTeX Font Info:    Checking defaults for T1/cmr/m/n on input line 38.
LaTeX Font Info:    ... okay on input line 38.
LaTeX Font Info:    Checking defaults for TS1/cmr/m/n on input line 38.
LaTeX Font Info:    Trying to load font information for TS1+cmr on input line 3
8.
 (d:/texlive/2022/texmf-dist/tex/latex/base/ts1cmr.fd
File: ts1cmr.fd 2019/12/16 v2.5j Standard LaTeX font definitions
)
LaTeX Font Info:    ... okay on input line 38.
LaTeX Font Info:    Checking defaults for TU/lmr/m/n on input line 38.
LaTeX Font Info:    ... okay on input line 38.
LaTeX Font Info:    Checking defaults for OMX/cmex/m/n on input line 38.
LaTeX Font Info:    ... okay on input line 38.
LaTeX Font Info:    Checking defaults for U/cmr/m/n on input line 38.
LaTeX Font Info:    ... okay on input line 38.

*geometry* driver: auto-detecting
*geometry* detected driver: xetex
*geometry* verbose mode - [ preamble ] result:
* driver: xetex
* paper: a4paper
* layout: <same size as paper>
* layoutoffset:(h,v)=(0.0pt,0.0pt)
* modes: 
* h-part:(L,W,R)=(72.26999pt, 452.9679pt, 72.26999pt)
* v-part:(T,H,B)=(72.26999pt, 700.50687pt, 72.26999pt)
* \paperwidth=597.50787pt
* \paperheight=845.04684pt
* \textwidth=452.9679pt
* \textheight=700.50687pt
* \oddsidemargin=0.0pt
* \evensidemargin=0.0pt
* \topmargin=-37.0pt
* \headheight=12.0pt
* \headsep=25.0pt
* \topskip=10.0pt
* \footskip=30.0pt
* \marginparwidth=65.0pt
* \marginparsep=11.0pt
* \columnsep=10.0pt
* \skip\footins=9.0pt plus 4.0pt minus 2.0pt
* \hoffset=0.0pt
* \voffset=0.0pt
* \mag=1000
* \@twocolumnfalse
* \@twosidefalse
* \@mparswitchfalse
* \@reversemarginfalse
* (1in=72.27pt=25.4mm, 1cm=28.453pt)

Package caption Info: Begin \AtBeginDocument code.
Package caption Info: listings package is loaded.
Package caption Info: End \AtBeginDocument code.
\c@lstlisting=\count298
(./main4.toc)
\tf@toc=\write3
\openout3 = `main4.toc'.

 [1

]
Underfull \hbox (badness 10000) in paragraph at lines 63--65

 []

File: fig/fig2.png Graphic file (type bmp)
<fig/fig2.png>
[2]
File: fig/fig1.png Graphic file (type bmp)
<fig/fig1.png>
 [3]
File: fig/fig3.png Graphic file (type bmp)
<fig/fig3.png>
File: fig/fig6.png Graphic file (type bmp)
<fig/fig6.png>

Overfull \hbox (35.13118pt too wide) in paragraph at lines 128--129
 [][] 
 []


Overfull \hbox (2.22pt too wide) in paragraph at lines 120--132
[][] [] 
 []

File: fig/fig4.png Graphic file (type bmp)
<fig/fig4.png>
File: fig/fig5.png Graphic file (type bmp)
<fig/fig5.png>
[4]
File: fig/fig7.png Graphic file (type bmp)
<fig/fig7.png>
File: fig/fig8.png Graphic file (type bmp)
<fig/fig8.png>

Overfull \hbox (2.22pt too wide) in paragraph at lines 167--179
[][] [] 
 []

File: fig/fig9.png Graphic file (type bmp)
<fig/fig9.png>
[5]
File: fig/fig11.png Graphic file (type bmp)
<fig/fig11.png>

Missing character: There is no ’ ("2019) in font cmr7!
Missing character: There is no ’ ("2019) in font cmr7!
File: fig/fig10.png Graphic file (type bmp)
<fig/fig10.png>

LaTeX Warning: `h' float specifier changed to `ht'.

[6]
File: fig/fig12.png Graphic file (type bmp)
<fig/fig12.png>
 [7]
File: fig/fig13.png Graphic file (type bmp)
<fig/fig13.png>

Overfull \hbox (7.65152pt too wide) in paragraph at lines 261--262
 [][] 
 []

File: fig/fig14.png Graphic file (type bmp)
<fig/fig14.png>

Overfull \hbox (16.68707pt too wide) in paragraph at lines 267--268
 [][] 
 []


Overfull \hbox (2.21999pt too wide) in paragraph at lines 259--271
[][] [] 
 []

[8]
File: fig/fig15.png Graphic file (type bmp)
<fig/fig15.png>
File: fig/fig16.png Graphic file (type bmp)
<fig/fig16.png>

Overfull \hbox (2.22pt too wide) in paragraph at lines 282--294
[][] [] 
 []

[9]
File: fig/fig17.png Graphic file (type bmp)
<fig/fig17.png>
 [10]
File: fig/fig18.png Graphic file (type bmp)
<fig/fig18.png>

Overfull \hbox (4.77995pt too wide) in paragraph at lines 383--384
 [][] 
 []

File: fig/fig19.png Graphic file (type bmp)
<fig/fig19.png>

Overfull \hbox (4.77995pt too wide) in paragraph at lines 389--391
 [][] 
 []


Overfull \hbox (2.22pt too wide) in paragraph at lines 381--394
[][] [] 
 []

[11]
Overfull \hbox (33.03503pt too wide) in paragraph at lines 401--417
 [][][] 
 []

[12] (d:/texlive/2022/texmf-dist/tex/latex/listings/lstlang1.sty
File: lstlang1.sty 2020/03/24 1.8d listings language file
)
Missing character: There is no 定 (U+5B9A) in font [lmroman10-regular]:mapping=t
ex-text;!
Missing character: There is no 义 (U+4E49) in font [lmroman10-regular]:mapping=t
ex-text;!
Missing character: There is no 数 (U+6570) in font [lmroman10-regular]:mapping=t
ex-text;!
Missing character: There is no 据 (U+636E) in font [lmroman10-regular]:mapping=t
ex-text;!
Missing character: There is no 读 (U+8BFB) in font [lmroman10-regular]:mapping=t
ex-text;!
Missing character: There is no 取 (U+53D6) in font [lmroman10-regular]:mapping=t
ex-text;!
Missing character: There is no 数 (U+6570) in font [lmroman10-regular]:mapping=t
ex-text;!
Missing character: There is no 据 (U+636E) in font [lmroman10-regular]:mapping=t
ex-text;!
Missing character: There is no 绘 (U+7ED8) in font [lmroman10-regular]:mapping=t
ex-text;!
Missing character: There is no 制 (U+5236) in font [lmroman10-regular]:mapping=t
ex-text;!
Missing character: There is no 箱 (U+7BB1) in font [lmroman10-regular]:mapping=t
ex-text;!
Missing character: There is no 线 (U+7EBF) in font [lmroman10-regular]:mapping=t
ex-text;!
Missing character: There is no 图 (U+56FE) in font [lmroman10-regular]:mapping=t
ex-text;!
Missing character: There is no 标 (U+6807) in font [lmroman10-regular]:mapping=t
ex-text;!
Missing character: There is no 记 (U+8BB0) in font [lmroman10-regular]:mapping=t
ex-text;!
Missing character: There is no 异 (U+5F02) in font [lmroman10-regular]:mapping=t
ex-text;!
Missing character: There is no 常 (U+5E38) in font [lmroman10-regular]:mapping=t
ex-text;!
Missing character: There is no 值 (U+503C) in font [lmroman10-regular]:mapping=t
ex-text;!
Missing character: There is no 显 (U+663E) in font [lmroman10-regular]:mapping=t
ex-text;!
Missing character: There is no 示 (U+793A) in font [lmroman10-regular]:mapping=t
ex-text;!
Missing character: There is no 图 (U+56FE) in font [lmroman10-regular]:mapping=t
ex-text;!
Missing character: There is no 形 (U+5F62) in font [lmroman10-regular]:mapping=t
ex-text;!
Missing character: There is no 读 (U+8BFB) in font [lmroman10-regular]:mapping=t
ex-text;!
Missing character: There is no 取 (U+53D6) in font [lmroman10-regular]:mapping=t
ex-text;!
Missing character: There is no 数 (U+6570) in font [lmroman10-regular]:mapping=t
ex-text;!
Missing character: There is no 据 (U+636E) in font [lmroman10-regular]:mapping=t
ex-text;!
[13]
Missing character: There is no 计 (U+8BA1) in font [lmroman10-regular]:mapping=t
ex-text;!
Missing character: There is no 算 (U+7B97) in font [lmroman10-regular]:mapping=t
ex-text;!
Missing character: There is no 平 (U+5E73) in font [lmroman10-regular]:mapping=t
ex-text;!
Missing character: There is no 均 (U+5747) in font [lmroman10-regular]:mapping=t
ex-text;!
Missing character: There is no 值 (U+503C) in font [lmroman10-regular]:mapping=t
ex-text;!
Missing character: There is no 和 (U+548C) in font [lmroman10-regular]:mapping=t
ex-text;!
Missing character: There is no 标 (U+6807) in font [lmroman10-regular]:mapping=t
ex-text;!
Missing character: There is no 准 (U+51C6) in font [lmroman10-regular]:mapping=t
ex-text;!
Missing character: There is no 差 (U+5DEE) in font [lmroman10-regular]:mapping=t
ex-text;!
Missing character: There is no 计 (U+8BA1) in font [lmroman10-regular]:mapping=t
ex-text;!
Missing character: There is no 算 (U+7B97) in font [lmroman10-regular]:mapping=t
ex-text;!
Missing character: There is no 异 (U+5F02) in font [lmroman10-regular]:mapping=t
ex-text;!
Missing character: There is no 常 (U+5E38) in font [lmroman10-regular]:mapping=t
ex-text;!
Missing character: There is no 值 (U+503C) in font [lmroman10-regular]:mapping=t
ex-text;!
Missing character: There is no 阈 (U+9608) in font [lmroman10-regular]:mapping=t
ex-text;!
Missing character: There is no 值 (U+503C) in font [lmroman10-regular]:mapping=t
ex-text;!
Missing character: There is no 绘 (U+7ED8) in font [lmroman10-regular]:mapping=t
ex-text;!
Missing character: There is no 制 (U+5236) in font [lmroman10-regular]:mapping=t
ex-text;!
Missing character: There is no 散 (U+6563) in font [lmroman10-regular]:mapping=t
ex-text;!
Missing character: There is no 点 (U+70B9) in font [lmroman10-regular]:mapping=t
ex-text;!
Missing character: There is no 图 (U+56FE) in font [lmroman10-regular]:mapping=t
ex-text;!
Missing character: There is no 标 (U+6807) in font [lmroman10-regular]:mapping=t
ex-text;!
Missing character: There is no 记 (U+8BB0) in font [lmroman10-regular]:mapping=t
ex-text;!
Missing character: There is no 异 (U+5F02) in font [lmroman10-regular]:mapping=t
ex-text;!
Missing character: There is no 常 (U+5E38) in font [lmroman10-regular]:mapping=t
ex-text;!
Missing character: There is no 值 (U+503C) in font [lmroman10-regular]:mapping=t
ex-text;!
Missing character: There is no 添 (U+6DFB) in font [lmroman10-regular]:mapping=t
ex-text;!
Missing character: There is no 加 (U+52A0) in font [lmroman10-regular]:mapping=t
ex-text;!
Missing character: There is no 阴 (U+9634) in font [lmroman10-regular]:mapping=t
ex-text;!
Missing character: There is no 影 (U+5F71) in font [lmroman10-regular]:mapping=t
ex-text;!
Missing character: There is no 设 (U+8BBE) in font [lmroman10-regular]:mapping=t
ex-text;!
Missing character: There is no 置 (U+7F6E) in font [lmroman10-regular]:mapping=t
ex-text;!
Missing character: There is no 图 (U+56FE) in font [lmroman10-regular]:mapping=t
ex-text;!
Missing character: There is no 形 (U+5F62) in font [lmroman10-regular]:mapping=t
ex-text;!
Missing character: There is no 属 (U+5C5E) in font [lmroman10-regular]:mapping=t
ex-text;!
Missing character: There is no 性 (U+6027) in font [lmroman10-regular]:mapping=t
ex-text;!
Missing character: There is no 显 (U+663E) in font [lmroman10-regular]:mapping=t
ex-text;!
Missing character: There is no 示 (U+793A) in font [lmroman10-regular]:mapping=t
ex-text;!
Missing character: There is no 图 (U+56FE) in font [lmroman10-regular]:mapping=t
ex-text;!
Missing character: There is no 形 (U+5F62) in font [lmroman10-regular]:mapping=t
ex-text;!
[14] (./main4.aux)

LaTeX Warning: There were multiply-defined labels.

 ) 
Here is how much of TeX's memory you used:
 6501 strings out of 478126
 103709 string characters out of 5853227
 778831 words of memory out of 5000000
 27033 multiletter control sequences out of 15000+600000
 478713 words of font info for 68 fonts, out of 8000000 for 9000
 36 hyphenation exceptions out of 8191
 55i,12n,63p,1173b,1016s stack positions out of 10000i,1000n,20000p,200000b,200000s

Output written on main4.pdf (14 pages).
